2024-12-18T09:36:03.802-06:00  WARN 15192 --- [UsersMs] [HikariPool-3 housekeeper] com.zaxxer.hikari.pool.HikariPool        : HikariPool-3 - Thread starvation or clock leap detected (housekeeper delta=10h2m59s854ms438µs600ns).
2024-12-18T11:02:35.098-06:00  WARN 15192 --- [UsersMs] [HikariPool-3 housekeeper] com.zaxxer.hikari.pool.HikariPool        : HikariPool-3 - Thread starvation or clock leap detected (housekeeper delta=1h24m57s357ms653µs800ns).
2024-12-18T11:34:27.509-06:00  INFO 15192 --- [UsersMs] [http-nio-8081-exec-3] o.a.c.c.C.[Tomcat].[localhost].[/]       : Initializing Spring DispatcherServlet 'dispatcherServlet'
2024-12-18T11:34:27.511-06:00  INFO 15192 --- [UsersMs] [http-nio-8081-exec-3] o.s.web.servlet.DispatcherServlet        : Initializing Servlet 'dispatcherServlet'
2024-12-18T11:34:27.513-06:00  INFO 15192 --- [UsersMs] [http-nio-8081-exec-3] o.s.web.servlet.DispatcherServlet        : Completed initialization in 2 ms
2024-12-18T13:14:26.319-06:00  INFO 15192 --- [UsersMs] [File Watcher] rtingClassPathChangeChangedEventListener : Restarting due to 2 class path changes (0 additions, 0 deletions, 2 modifications)
2024-12-18T13:14:26.558-06:00  INFO 15192 --- [UsersMs] [Thread-11] j.LocalContainerEntityManagerFactoryBean : Closing JPA EntityManagerFactory for persistence unit 'default'
2024-12-18T13:14:26.578-06:00  INFO 15192 --- [UsersMs] [Thread-11] com.zaxxer.hikari.HikariDataSource       : HikariPool-3 - Shutdown initiated...
2024-12-18T13:14:26.581-06:00  INFO 15192 --- [UsersMs] [Thread-11] com.zaxxer.hikari.HikariDataSource       : HikariPool-3 - Shutdown completed.
2024-12-18T13:14:26.882-06:00  INFO 15192 --- [UsersMs] [restartedMain] c.BankingApp.UsersMs.UsersMsApplication  : Starting UsersMsApplication using Java 17.0.10 with PID 15192 (C:\Softwares\SpringbootApplications\BankingApplication1\UsersMs\build\classes\java\main started by srang in C:\Softwares\SpringbootApplications\BankingApplication1\UsersMs)
2024-12-18T13:14:26.883-06:00  INFO 15192 --- [UsersMs] [restartedMain] c.BankingApp.UsersMs.UsersMsApplication  : No active profile set, falling back to 1 default profile: "default"
2024-12-18T13:14:27.406-06:00  INFO 15192 --- [UsersMs] [restartedMain] .s.d.r.c.RepositoryConfigurationDelegate : Bootstrapping Spring Data JPA repositories in DEFAULT mode.
2024-12-18T13:14:27.425-06:00  INFO 15192 --- [UsersMs] [restartedMain] .s.d.r.c.RepositoryConfigurationDelegate : Finished Spring Data repository scanning in 18 ms. Found 1 JPA repository interface.
2024-12-18T13:14:27.594-06:00  INFO 15192 --- [UsersMs] [restartedMain] o.s.b.w.embedded.tomcat.TomcatWebServer  : Tomcat initialized with port 8080 (http)
2024-12-18T13:14:27.597-06:00  INFO 15192 --- [UsersMs] [restartedMain] o.apache.catalina.core.StandardService   : Starting service [Tomcat]
2024-12-18T13:14:27.598-06:00  INFO 15192 --- [UsersMs] [restartedMain] o.apache.catalina.core.StandardEngine    : Starting Servlet engine: [Apache Tomcat/10.1.33]
2024-12-18T13:14:27.635-06:00  INFO 15192 --- [UsersMs] [restartedMain] o.a.c.c.C.[Tomcat].[localhost].[/]       : Initializing Spring embedded WebApplicationContext
2024-12-18T13:14:27.637-06:00  INFO 15192 --- [UsersMs] [restartedMain] w.s.c.ServletWebServerApplicationContext : Root WebApplicationContext: initialization completed in 749 ms
2024-12-18T13:14:27.717-06:00  INFO 15192 --- [UsersMs] [restartedMain] o.hibernate.jpa.internal.util.LogHelper  : HHH000204: Processing PersistenceUnitInfo [name: default]
2024-12-18T13:14:27.728-06:00  INFO 15192 --- [UsersMs] [restartedMain] o.h.c.internal.RegionFactoryInitiator    : HHH000026: Second-level cache disabled
2024-12-18T13:14:27.770-06:00  INFO 15192 --- [UsersMs] [restartedMain] o.s.o.j.p.SpringPersistenceUnitInfo      : No LoadTimeWeaver setup: ignoring JPA class transformer
2024-12-18T13:14:27.773-06:00  INFO 15192 --- [UsersMs] [restartedMain] com.zaxxer.hikari.HikariDataSource       : HikariPool-4 - Starting...
2024-12-18T13:14:27.782-06:00  INFO 15192 --- [UsersMs] [restartedMain] com.zaxxer.hikari.pool.HikariPool        : HikariPool-4 - Added connection com.mysql.cj.jdbc.ConnectionImpl@444b6e2d
2024-12-18T13:14:27.783-06:00  INFO 15192 --- [UsersMs] [restartedMain] com.zaxxer.hikari.HikariDataSource       : HikariPool-4 - Start completed.
2024-12-18T13:14:27.888-06:00  INFO 15192 --- [UsersMs] [restartedMain] o.h.e.t.j.p.i.JtaPlatformInitiator       : HHH000489: No JTA platform available (set 'hibernate.transaction.jta.platform' to enable JTA platform integration)
2024-12-18T13:14:27.914-06:00  INFO 15192 --- [UsersMs] [restartedMain] j.LocalContainerEntityManagerFactoryBean : Initialized JPA EntityManagerFactory for persistence unit 'default'
2024-12-18T13:14:28.055-06:00  WARN 15192 --- [UsersMs] [restartedMain] JpaBaseConfiguration$JpaWebConfiguration : spring.jpa.open-in-view is enabled by default. Therefore, database queries may be performed during view rendering. Explicitly configure spring.jpa.open-in-view to disable this warning
2024-12-18T13:14:28.245-06:00  INFO 15192 --- [UsersMs] [restartedMain] o.s.b.d.a.OptionalLiveReloadServer       : LiveReload server is running on port 35729
2024-12-18T13:14:28.261-06:00  INFO 15192 --- [UsersMs] [restartedMain] o.s.b.w.embedded.tomcat.TomcatWebServer  : Tomcat started on port 8080 (http) with context path '/'
2024-12-18T13:14:28.269-06:00  INFO 15192 --- [UsersMs] [restartedMain] c.BankingApp.UsersMs.UsersMsApplication  : Started UsersMsApplication in 1.469 seconds (process running for 68225.417)
2024-12-18T13:14:28.270-06:00  INFO 15192 --- [UsersMs] [restartedMain] .ConditionEvaluationDeltaLoggingListener : Condition evaluation unchanged
2024-12-18T13:20:17.148-06:00  INFO 15192 --- [UsersMs] [File Watcher] rtingClassPathChangeChangedEventListener : Restarting due to 2 class path changes (0 additions, 0 deletions, 2 modifications)
2024-12-18T13:20:17.379-06:00  INFO 15192 --- [UsersMs] [Thread-15] j.LocalContainerEntityManagerFactoryBean : Closing JPA EntityManagerFactory for persistence unit 'default'
2024-12-18T13:20:17.380-06:00  INFO 15192 --- [UsersMs] [Thread-15] com.zaxxer.hikari.HikariDataSource       : HikariPool-4 - Shutdown initiated...
2024-12-18T13:20:17.388-06:00  INFO 15192 --- [UsersMs] [Thread-15] com.zaxxer.hikari.HikariDataSource       : HikariPool-4 - Shutdown completed.
2024-12-18T13:20:17.497-06:00  INFO 15192 --- [UsersMs] [restartedMain] c.BankingApp.UsersMs.UsersMsApplication  : Starting UsersMsApplication using Java 17.0.10 with PID 15192 (C:\Softwares\SpringbootApplications\BankingApplication1\UsersMs\build\classes\java\main started by srang in C:\Softwares\SpringbootApplications\BankingApplication1\UsersMs)
2024-12-18T13:20:17.498-06:00  INFO 15192 --- [UsersMs] [restartedMain] c.BankingApp.UsersMs.UsersMsApplication  : No active profile set, falling back to 1 default profile: "default"
2024-12-18T13:20:17.848-06:00  INFO 15192 --- [UsersMs] [restartedMain] .s.d.r.c.RepositoryConfigurationDelegate : Bootstrapping Spring Data JPA repositories in DEFAULT mode.
2024-12-18T13:20:17.868-06:00  INFO 15192 --- [UsersMs] [restartedMain] .s.d.r.c.RepositoryConfigurationDelegate : Finished Spring Data repository scanning in 18 ms. Found 1 JPA repository interface.
2024-12-18T13:20:17.996-06:00  INFO 15192 --- [UsersMs] [restartedMain] o.s.b.w.embedded.tomcat.TomcatWebServer  : Tomcat initialized with port 8082 (http)
2024-12-18T13:20:17.997-06:00  INFO 15192 --- [UsersMs] [restartedMain] o.apache.catalina.core.StandardService   : Starting service [Tomcat]
2024-12-18T13:20:17.998-06:00  INFO 15192 --- [UsersMs] [restartedMain] o.apache.catalina.core.StandardEngine    : Starting Servlet engine: [Apache Tomcat/10.1.33]
2024-12-18T13:20:18.029-06:00  INFO 15192 --- [UsersMs] [restartedMain] o.a.c.c.C.[Tomcat].[localhost].[/]       : Initializing Spring embedded WebApplicationContext
2024-12-18T13:20:18.029-06:00  INFO 15192 --- [UsersMs] [restartedMain] w.s.c.ServletWebServerApplicationContext : Root WebApplicationContext: initialization completed in 526 ms
2024-12-18T13:20:18.077-06:00  INFO 15192 --- [UsersMs] [restartedMain] o.hibernate.jpa.internal.util.LogHelper  : HHH000204: Processing PersistenceUnitInfo [name: default]
2024-12-18T13:20:18.083-06:00  INFO 15192 --- [UsersMs] [restartedMain] o.h.c.internal.RegionFactoryInitiator    : HHH000026: Second-level cache disabled
2024-12-18T13:20:18.099-06:00  INFO 15192 --- [UsersMs] [restartedMain] o.s.o.j.p.SpringPersistenceUnitInfo      : No LoadTimeWeaver setup: ignoring JPA class transformer
2024-12-18T13:20:18.102-06:00  INFO 15192 --- [UsersMs] [restartedMain] com.zaxxer.hikari.HikariDataSource       : HikariPool-5 - Starting...
2024-12-18T13:20:18.109-06:00  INFO 15192 --- [UsersMs] [restartedMain] com.zaxxer.hikari.pool.HikariPool        : HikariPool-5 - Added connection com.mysql.cj.jdbc.ConnectionImpl@71b0732f
2024-12-18T13:20:18.109-06:00  INFO 15192 --- [UsersMs] [restartedMain] com.zaxxer.hikari.HikariDataSource       : HikariPool-5 - Start completed.
2024-12-18T13:20:18.183-06:00  INFO 15192 --- [UsersMs] [restartedMain] o.h.e.t.j.p.i.JtaPlatformInitiator       : HHH000489: No JTA platform available (set 'hibernate.transaction.jta.platform' to enable JTA platform integration)
2024-12-18T13:20:18.203-06:00  INFO 15192 --- [UsersMs] [restartedMain] j.LocalContainerEntityManagerFactoryBean : Initialized JPA EntityManagerFactory for persistence unit 'default'
2024-12-18T13:20:18.337-06:00  WARN 15192 --- [UsersMs] [restartedMain] JpaBaseConfiguration$JpaWebConfiguration : spring.jpa.open-in-view is enabled by default. Therefore, database queries may be performed during view rendering. Explicitly configure spring.jpa.open-in-view to disable this warning
2024-12-18T13:20:18.470-06:00  INFO 15192 --- [UsersMs] [restartedMain] o.s.b.d.a.OptionalLiveReloadServer       : LiveReload server is running on port 35729
2024-12-18T13:20:18.495-06:00  INFO 15192 --- [UsersMs] [restartedMain] o.s.b.w.embedded.tomcat.TomcatWebServer  : Tomcat started on port 8082 (http) with context path '/'
2024-12-18T13:20:18.503-06:00  INFO 15192 --- [UsersMs] [restartedMain] c.BankingApp.UsersMs.UsersMsApplication  : Started UsersMsApplication in 1.053 seconds (process running for 68575.651)
2024-12-18T13:20:18.506-06:00  INFO 15192 --- [UsersMs] [restartedMain] .ConditionEvaluationDeltaLoggingListener : Condition evaluation unchanged
